2016/08/10 15:24:03 INFO  - jmeter.util.JMeterUtils: Setting Locale to en_US 
2016/08/10 15:24:03 INFO  - jmeter.JMeter: Loading user properties from: /Users/rxing/Work/apache-jmeter-3.0/bin/user.properties 
2016/08/10 15:24:03 INFO  - jmeter.JMeter: Loading system properties from: /Users/rxing/Work/apache-jmeter-3.0/bin/system.properties 
2016/08/10 15:24:03 INFO  - jmeter.JMeter: Copyright (c) 1998-2016 The Apache Software Foundation 
2016/08/10 15:24:03 INFO  - jmeter.JMeter: Version 3.0 r1743807 
2016/08/10 15:24:03 INFO  - jmeter.JMeter: java.version=1.8.0_51 
2016/08/10 15:24:03 INFO  - jmeter.JMeter: java.vm.name=Java HotSpot(TM) 64-Bit Server VM 
2016/08/10 15:24:03 INFO  - jmeter.JMeter: os.name=Mac OS X 
2016/08/10 15:24:03 INFO  - jmeter.JMeter: os.arch=x86_64 
2016/08/10 15:24:03 INFO  - jmeter.JMeter: os.version=10.10.5 
2016/08/10 15:24:03 INFO  - jmeter.JMeter: file.encoding=UTF-8 
2016/08/10 15:24:03 INFO  - jmeter.JMeter: Max memory     =514850816 
2016/08/10 15:24:03 INFO  - jmeter.JMeter: Available Processors =8 
2016/08/10 15:24:03 INFO  - jmeter.JMeter: Default Locale=English (United States) 
2016/08/10 15:24:03 INFO  - jmeter.JMeter: JMeter  Locale=English (United States) 
2016/08/10 15:24:03 INFO  - jmeter.JMeter: JMeterHome=/Users/rxing/Work/apache-jmeter-3.0 
2016/08/10 15:24:03 INFO  - jmeter.JMeter: user.dir  =/Users/rxing 
2016/08/10 15:24:03 INFO  - jmeter.JMeter: PWD       =/Users/rxing 
2016/08/10 15:24:03 INFO  - jmeter.JMeter: IP: 10.98.200.146 Name: rxing-MBP15 FullName: rxing-mbp15.na.tibco.com 
2016/08/10 15:24:04 INFO  - jmeter.gui.action.LookAndFeelCommand: Using look and feel: com.apple.laf.AquaLookAndFeel [Mac OS X, System] 
2016/08/10 15:24:04 INFO  - jmeter.JMeter: Loaded icon properties from org/apache/jmeter/images/icon.properties 
2016/08/10 15:24:04 INFO  - jmeter.engine.util.CompoundVariable: Note: Function class names must contain the string: '.functions.' 
2016/08/10 15:24:04 INFO  - jmeter.engine.util.CompoundVariable: Note: Function class names must not contain the string: '.gui.' 
2016/08/10 15:24:05 INFO  - jmeter.util.BSFTestElement: Registering JMeter version of JavaScript engine as work-round for BSF-22 
2016/08/10 15:24:06 INFO  - jmeter.protocol.http.sampler.HTTPSamplerBase: Parser for text/html is org.apache.jmeter.protocol.http.parser.LagartoBasedHtmlParser 
2016/08/10 15:24:06 INFO  - jmeter.protocol.http.sampler.HTTPSamplerBase: Parser for application/xhtml+xml is org.apache.jmeter.protocol.http.parser.LagartoBasedHtmlParser 
2016/08/10 15:24:06 INFO  - jmeter.protocol.http.sampler.HTTPSamplerBase: Parser for application/xml is org.apache.jmeter.protocol.http.parser.LagartoBasedHtmlParser 
2016/08/10 15:24:06 INFO  - jmeter.protocol.http.sampler.HTTPSamplerBase: Parser for text/xml is org.apache.jmeter.protocol.http.parser.LagartoBasedHtmlParser 
2016/08/10 15:24:06 INFO  - jmeter.protocol.http.sampler.HTTPSamplerBase: Parser for text/vnd.wap.wml is org.apache.jmeter.protocol.http.parser.RegexpHTMLParser 
2016/08/10 15:24:06 INFO  - jmeter.protocol.http.sampler.HTTPSamplerBase: Parser for text/css is org.apache.jmeter.protocol.http.parser.CssParser 
2016/08/10 15:24:06 INFO  - jorphan.exec.KeyToolUtils: keytool found at 'keytool' 
2016/08/10 15:24:06 INFO  - jmeter.protocol.http.proxy.ProxyControl: HTTP(S) Test Script Recorder SSL Proxy will use keys that support embedded 3rd party resources in file /Users/rxing/Work/apache-jmeter-3.0/bin/proxyserver.jks 
2016/08/10 15:24:06 INFO  - jmeter.gui.util.MenuFactory: Skipping org.apache.jmeter.protocol.mongodb.config.MongoSourceElement 
2016/08/10 15:24:06 INFO  - jmeter.gui.util.MenuFactory: Skipping org.apache.jmeter.protocol.mongodb.sampler.MongoScriptSampler 
2016/08/10 15:24:06 INFO  - jmeter.gui.util.MenuFactory: Skipping org.apache.jmeter.visualizers.DistributionGraphVisualizer 
2016/08/10 15:24:06 INFO  - jmeter.samplers.SampleResult: Note: Sample TimeStamps are START times 
2016/08/10 15:24:06 INFO  - jmeter.samplers.SampleResult: sampleresult.default.encoding is set to ISO-8859-1 
2016/08/10 15:24:06 INFO  - jmeter.samplers.SampleResult: sampleresult.useNanoTime=true 
2016/08/10 15:24:06 INFO  - jmeter.samplers.SampleResult: sampleresult.nanoThreadSleep=5000 
2016/08/10 15:24:06 INFO  - jmeter.gui.util.MenuFactory: Skipping org.apache.jmeter.visualizers.SplineVisualizer 
2016/08/10 15:24:48 INFO  - jmeter.engine.StandardJMeterEngine: Running the test! 
2016/08/10 15:24:48 INFO  - jmeter.samplers.SampleEvent: List of sample_variables: [] 
2016/08/10 15:24:48 INFO  - jmeter.samplers.SampleEvent: List of sample_variables: [] 
2016/08/10 15:24:48 INFO  - jmeter.gui.util.JMeterMenuBar: setRunning(true,*local*) 
2016/08/10 15:24:48 INFO  - jmeter.engine.StandardJMeterEngine: No enabled thread groups found 
2016/08/10 15:24:48 INFO  - jmeter.engine.StandardJMeterEngine: Notifying test listeners of end of test 
2016/08/10 15:24:48 INFO  - jmeter.services.FileServer: Default base='/Users/rxing' 
2016/08/10 15:24:48 INFO  - jmeter.gui.util.JMeterMenuBar: setRunning(false,*local*) 
2016/08/10 15:24:55 INFO  - jmeter.gui.action.template.TemplateManager: Reading templates from:/Users/rxing/Work/apache-jmeter-3.0/bin/templates/templates.xml 
2016/08/10 15:32:04 INFO  - jmeter.protocol.http.control.CacheManager: Will only cache the following methods: [GET] 
